<?xml version="1.0" encoding="UTF-8"?>
<!-- Generated by org.testng.reporters.JUnitReportReporter -->
<testsuite skipped="0" hostname="cty" name="pri.study.groupm.GroupByMethod" tests="4" failures="0" timestamp="09 五月 2018 13:46:53 GMT" time="0.016" errors="0">
  <testcase name="test1" time="0.008" classname="pri.study.groupm.GroupByMethod"/>
  <testcase name="test3" time="0.003" classname="pri.study.groupm.GroupByMethod"/>
  <testcase name="test4" time="0.003" classname="pri.study.groupm.GroupByMethod"/>
  <testcase name="test2" time="0.002" classname="pri.study.groupm.GroupByMethod"/>
</testsuite> <!-- pri.study.groupm.GroupByMethod -->
