<?xml version="1.0" encoding="UTF-8"?>
<!-- Generated by org.testng.reporters.JUnitReportReporter -->
<testsuite skipped="0" hostname="cty" name="pri.study.paramterbyxml.ParamterByXml" tests="1" failures="0" timestamp="09 五月 2018 15:13:57 GMT" time="0.016" errors="0">
  <testcase name="test" time="0.016" classname="pri.study.paramterbyxml.ParamterByXml"/>
</testsuite> <!-- pri.study.paramterbyxml.ParamterByXml -->
