<?xml version="1.0" encoding="UTF-8"?>
<!-- Generated by org.testng.reporters.JUnitReportReporter -->
<testsuite skipped="0" hostname="cty" name="pri.study.threadone.ByAnnotation" tests="10" failures="0" timestamp="10 五月 2018 13:26:50 GMT" time="0.095" errors="0">
  <testcase name="test" time="0.004" classname="pri.study.threadone.ByAnnotation"/>
  <testcase name="test" time="0.002" classname="pri.study.threadone.ByAnnotation"/>
  <testcase name="test" time="0.025" classname="pri.study.threadone.ByAnnotation"/>
  <testcase name="test" time="0.002" classname="pri.study.threadone.ByAnnotation"/>
  <testcase name="test" time="0.002" classname="pri.study.threadone.ByAnnotation"/>
  <testcase name="test" time="0.006" classname="pri.study.threadone.ByAnnotation"/>
  <testcase name="test" time="0.025" classname="pri.study.threadone.ByAnnotation"/>
  <testcase name="test" time="0.004" classname="pri.study.threadone.ByAnnotation"/>
  <testcase name="test" time="0.001" classname="pri.study.threadone.ByAnnotation"/>
  <testcase name="test" time="0.024" classname="pri.study.threadone.ByAnnotation"/>
</testsuite> <!-- pri.study.threadone.ByAnnotation -->
