<?xml version="1.0" encoding="UTF-8"?>
<!-- Generated by org.testng.reporters.JUnitReportReporter -->
<testsuite skipped="0" hostname="cty" name="pri.study.suit.Pay" tests="1" failures="0" timestamp="09 五月 2018 13:14:15 GMT" time="0.002" errors="0">
  <testcase name="pay" time="0.002" classname="pri.study.suit.Pay"/>
</testsuite> <!-- pri.study.suit.Pay -->
