<?xml version="1.0" encoding="UTF-8"?>
<!-- Generated by org.testng.reporters.JUnitReportReporter -->
<testsuite skipped="0" hostname="cty" name="pri.study.groupc.GroupByStudent1" tests="1" failures="0" timestamp="09 五月 2018 14:10:45 GMT" time="0.011" errors="0">
  <testcase name="test" time="0.011" classname="pri.study.groupc.GroupByStudent1"/>
</testsuite> <!-- pri.study.groupc.GroupByStudent1 -->
