<?xml version="1.0" encoding="UTF-8"?>
<!-- Generated by org.testng.reporters.JUnitReportReporter -->
<testsuite skipped="0" hostname="cty" name="pri.study.first.First" tests="2" failures="0" timestamp="10 五月 2018 03:34:11 GMT" time="0.007" errors="0">
  <testcase name="test1" time="0.005" classname="pri.study.first.First"/>
  <testcase name="test2" time="0.002" classname="pri.study.first.First"/>
</testsuite> <!-- pri.study.first.First -->
