<?xml version="1.0" encoding="UTF-8"?>
<!-- Generated by org.testng.reporters.JUnitReportReporter -->
<testsuite skipped="0" hostname="cty" name="pri.study.suit.Login" tests="1" failures="0" timestamp="09 五月 2018 13:14:15 GMT" time="0.006" errors="0">
  <testcase name="login" time="0.006" classname="pri.study.suit.Login"/>
</testsuite> <!-- pri.study.suit.Login -->
