<?xml version="1.0" encoding="UTF-8"?>
<!-- Generated by org.testng.reporters.JUnitReportReporter -->
<testsuite skipped="0" hostname="cty" name="pri.study.threadone.ByAnnotation" tests="10" failures="0" timestamp="09 五月 2018 16:36:54 GMT" time="0.079" errors="0">
  <testcase name="test" time="0.015" classname="pri.study.threadone.ByAnnotation"/>
  <testcase name="test" time="0.015" classname="pri.study.threadone.ByAnnotation"/>
  <testcase name="test" time="0.005" classname="pri.study.threadone.ByAnnotation"/>
  <testcase name="test" time="0.008" classname="pri.study.threadone.ByAnnotation"/>
  <testcase name="test" time="0.006" classname="pri.study.threadone.ByAnnotation"/>
  <testcase name="test" time="0.002" classname="pri.study.threadone.ByAnnotation"/>
  <testcase name="test" time="0.007" classname="pri.study.threadone.ByAnnotation"/>
  <testcase name="test" time="0.002" classname="pri.study.threadone.ByAnnotation"/>
  <testcase name="test" time="0.006" classname="pri.study.threadone.ByAnnotation"/>
  <testcase name="test" time="0.013" classname="pri.study.threadone.ByAnnotation"/>
</testsuite> <!-- pri.study.threadone.ByAnnotation -->
