<?xml version="1.0" encoding="UTF-8"?>
<!-- Generated by org.testng.reporters.JUnitReportReporter -->
<testsuite skipped="1" hostname="cty" name="pri.study.ignore.Ignore" tests="3" failures="0" timestamp="09 五月 2018 13:28:46 GMT" time="0.017" errors="0">
  <testcase name="test1" time="0.016" classname="pri.study.ignore.Ignore"/>
  <testcase name="test2" time="0.001" classname="pri.study.ignore.Ignore"/>
  <testcase name="test3" classname="pri.study.ignore.Ignore">
    <skipped/>
  </testcase> <!-- test3 -->
</testsuite> <!-- pri.study.ignore.Ignore -->
