<?xml version="1.0" encoding="UTF-8"?>
<!-- Generated by org.testng.reporters.JUnitReportReporter -->
<testsuite skipped="0" hostname="cty" name="pri.study.paramterbydata.ByData" tests="6" failures="0" timestamp="10 五月 2018 13:27:59 GMT" time="0.021" errors="0">
  <testcase name="test1" time="0.001" classname="pri.study.paramterbydata.ByData"/>
  <testcase name="test3" time="0.001" classname="pri.study.paramterbydata.ByData"/>
  <testcase name="test2" time="0.002" classname="pri.study.paramterbydata.ByData"/>
  <testcase name="test3" time="0.002" classname="pri.study.paramterbydata.ByData"/>
  <testcase name="test1" time="0.013" classname="pri.study.paramterbydata.ByData"/>
  <testcase name="test2" time="0.002" classname="pri.study.paramterbydata.ByData"/>
</testsuite> <!-- pri.study.paramterbydata.ByData -->
