<?xml version="1.0" encoding="UTF-8"?>
<!-- Generated by org.testng.reporters.JUnitReportReporter -->
<testsuite skipped="0" hostname="cty" name="org.httpclient.post.PostTest" tests="2" failures="0" timestamp="11 五月 2018 09:19:29 GMT" time="0.508" errors="0">
  <testcase name="testGetCookies" time="0.488" classname="org.httpclient.post.PostTest"/>
  <testcase name="testPostMethod" time="0.020" classname="org.httpclient.post.PostTest"/>
</testsuite> <!-- org.httpclient.post.PostTest -->
