<?xml version="1.0" encoding="UTF-8"?>
<!-- Generated by org.testng.reporters.JUnitReportReporter -->
<testsuite skipped="0" hostname="cty" name="org.httpclient.cookies.GetCookies" tests="2" failures="0" timestamp="11 五月 2018 07:00:37 GMT" time="0.476" errors="0">
  <testcase name="testgetwithcookies" time="0.013" classname="org.httpclient.cookies.GetCookies"/>
  <testcase name="testGetCookies" time="0.463" classname="org.httpclient.cookies.GetCookies"/>
</testsuite> <!-- org.httpclient.cookies.GetCookies -->
