<?xml version="1.0" encoding="UTF-8"?>
<!-- Generated by org.testng.reporters.JUnitReportReporter -->
<testsuite skipped="0" hostname="cty" name="org.httpclient.first.First" tests="1" failures="0" timestamp="10 五月 2018 14:01:30 GMT" time="0.879" errors="0">
  <testcase name="test1" time="0.879" classname="org.httpclient.first.First"/>
</testsuite> <!-- org.httpclient.first.First -->
