<?xml version="1.0" encoding="UTF-8"?>
<!-- Generated by org.testng.reporters.JUnitReportReporter -->
<testsuite name="org.item1.cases.UpdateUserInfoTest" tests="2" time="0.058" ignored="0" failures="0" timestamp="14 May 2018 14:06:14 GMT" skipped="0" hostname="cty" errors="0">
  <testcase name="updateUserInfo" time="0.030" classname="org.item1.cases.UpdateUserInfoTest"/>
  <testcase name="deleteUser" time="0.028" classname="org.item1.cases.UpdateUserInfoTest"/>
</testsuite> <!-- org.item1.cases.UpdateUserInfoTest -->
