<?xml version="1.0" encoding="UTF-8"?>
<!-- Generated by org.testng.reporters.JUnitReportReporter -->
<testsuite name="org.item1.cases.LoginTest" tests="2" time="0.478" ignored="0" failures="0" timestamp="14 May 2018 14:06:14 GMT" skipped="0" hostname="cty" errors="0">
  <testcase name="loginTrue" time="0.443" classname="org.item1.cases.LoginTest"/>
  <testcase name="loginFalse" time="0.035" classname="org.item1.cases.LoginTest"/>
</testsuite> <!-- org.item1.cases.LoginTest -->
