<?xml version="1.0" encoding="UTF-8"?>
<!-- Generated by org.testng.reporters.JUnitReportReporter -->
<testsuite name="org.item1.cases.GetUserListTest" tests="1" time="0.030" ignored="0" failures="0" timestamp="14 May 2018 14:06:14 GMT" skipped="0" hostname="cty" errors="0">
  <testcase name="getUserList" time="0.030" classname="org.item1.cases.GetUserListTest"/>
</testsuite> <!-- org.item1.cases.GetUserListTest -->
